#! /c/Source/iverilog-install/bin/vvp
:ivl_version "12.0 (devel)" "(s20150603-1110-g18392a46)";
:ivl_delay_selection "TYPICAL";
:vpi_time_precision - 9;
:vpi_module "C:\iverilog\lib\ivl\system.vpi";
:vpi_module "C:\iverilog\lib\ivl\vhdl_sys.vpi";
:vpi_module "C:\iverilog\lib\ivl\vhdl_textio.vpi";
:vpi_module "C:\iverilog\lib\ivl\v2005_math.vpi";
:vpi_module "C:\iverilog\lib\ivl\va_math.vpi";
S_00000128019f4430 .scope module, "tb_happy_birthday" "tb_happy_birthday" 2 3;
 .timescale -6 -9;
v0000012801a729e0_0 .var "i_clk", 0 0;
v0000012801a71ae0_0 .var "i_rst", 0 0;
v0000012801a728a0_0 .var "i_tx_ena_n", 0 0;
v0000012801a723a0_0 .net "o_hit_count", 27 0, L_0000012801a71e00;  1 drivers
v0000012801a72ee0_0 .net "o_hit_count_valid", 0 0, L_0000012801a1a330;  1 drivers
S_0000012801afba60 .scope module, "dut" "top_happy_birthday" 2 11, 3 1 0, S_00000128019f4430;
 .timescale -6 -9;
    .port_info 0 /INPUT 1 "i_clk";
    .port_info 1 /INPUT 1 "i_rst";
    .port_info 2 /INPUT 1 "i_tx_ena_n";
    .port_info 3 /OUTPUT 28 "o_hit_count";
    .port_info 4 /OUTPUT 1 "o_hit_count_valid";
P_00000128019f26c0 .param/l "NumDig" 0 3 2, +C4<00000000000000000000000000000100>;
L_0000012801a1a330 .functor BUFZ 1, v0000012801a6fb60_0, C4<0>, C4<0>, C4<0>;
v0000012801a72a80_0 .net "count_data", 9 0, v0000012801a1c290_0;  1 drivers
v0000012801a71d60_0 .var "d0", 3 0;
v0000012801a71680_0 .var "d1", 3 0;
v0000012801a721c0_0 .var "d2", 3 0;
v0000012801a72b20_0 .var "d3", 3 0;
v0000012801a72260_0 .var "hit_count_latched", 13 0;
v0000012801a72440_0 .net "hit_count_raw", 13 0, v0000012801afda70_0;  1 drivers
v0000012801a724e0_0 .net "hit_pulse", 0 0, v0000012801a6f980_0;  1 drivers
v0000012801a72580_0 .net "i_clk", 0 0, v0000012801a729e0_0;  1 drivers
v0000012801a73020_0 .net "i_rst", 0 0, v0000012801a71ae0_0;  1 drivers
v0000012801a71720_0 .net "i_tx_ena_n", 0 0, v0000012801a728a0_0;  1 drivers
v0000012801a714a0_0 .net "o_hit_count", 27 0, L_0000012801a71e00;  alias, 1 drivers
v0000012801a71400_0 .net "o_hit_count_valid", 0 0, L_0000012801a1a330;  alias, 1 drivers
v0000012801a72760_0 .net "sec_pulse", 0 0, v0000012801a6fb60_0;  1 drivers
v0000012801a71860_0 .net "seg0", 6 0, v0000012801a701a0_0;  1 drivers
v0000012801a72620_0 .net "seg1", 6 0, v0000012801a70240_0;  1 drivers
v0000012801a726c0_0 .net "seg2", 6 0, v0000012801a6f700_0;  1 drivers
v0000012801a71a40_0 .net "seg3", 6 0, v0000012801a719a0_0;  1 drivers
v0000012801a72800_0 .net "serial_wire", 0 0, v0000012801a6f840_0;  1 drivers
v0000012801a71900_0 .var/i "temp", 31 0;
v0000012801a72300_0 .net "tx_done", 0 0, v0000012801a6fd40_0;  1 drivers
E_00000128019f27c0 .event anyedge, v0000012801a72260_0, v0000012801a71900_0;
L_0000012801a71e00 .concat [ 7 7 7 7], v0000012801a701a0_0, v0000012801a70240_0, v0000012801a6f700_0, v0000012801a719a0_0;
S_0000012801a1c100 .scope module, "hb_counter" "data_generator" 3 20, 4 1 0, S_0000012801afba60;
 .timescale -6 -9;
    .port_info 0 /INPUT 1 "i_clk";
    .port_info 1 /INPUT 1 "i_rst";
    .port_info 2 /INPUT 1 "i_en";
    .port_info 3 /OUTPUT 10 "o_count";
v00000128019f3ae0_0 .net "i_clk", 0 0, v0000012801a729e0_0;  alias, 1 drivers
v0000012801a02f20_0 .net "i_en", 0 0, v0000012801a6fd40_0;  alias, 1 drivers
v0000012801afbbf0_0 .net "i_rst", 0 0, v0000012801a71ae0_0;  alias, 1 drivers
v0000012801a1c290_0 .var "o_count", 9 0;
E_00000128019f1940 .event posedge, v00000128019f3ae0_0;
S_0000012801afd7a0 .scope module, "hb_hit_counter" "hit_counter" 3 53, 5 1 0, S_0000012801afba60;
 .timescale -6 -9;
    .port_info 0 /INPUT 1 "i_clk";
    .port_info 1 /INPUT 1 "i_rst";
    .port_info 2 /INPUT 1 "i_hit";
    .port_info 3 /INPUT 1 "i_sec_pulse";
    .port_info 4 /OUTPUT 14 "o_hit_count";
v0000012801a1c330_0 .net "i_clk", 0 0, v0000012801a729e0_0;  alias, 1 drivers
v0000012801a1c3d0_0 .net "i_hit", 0 0, v0000012801a6f980_0;  alias, 1 drivers
v0000012801afd930_0 .net "i_rst", 0 0, v0000012801a71ae0_0;  alias, 1 drivers
v0000012801afd9d0_0 .net "i_sec_pulse", 0 0, v0000012801a6fb60_0;  alias, 1 drivers
v0000012801afda70_0 .var "o_hit_count", 13 0;
S_0000012801a0a3e0 .scope module, "hb_rx" "receiver" 3 38, 6 2 0, S_0000012801afba60;
 .timescale -6 -9;
    .port_info 0 /INPUT 1 "i_clk";
    .port_info 1 /INPUT 1 "i_rst";
    .port_info 2 /INPUT 1 "i_serial";
    .port_info 3 /OUTPUT 1 "o_hit";
P_00000128019f1980 .param/l "BIRTHDAY_PATTERN" 0 6 3, C4<010101010>;
v0000012801a6fca0_0 .net "i_clk", 0 0, v0000012801a729e0_0;  alias, 1 drivers
v0000012801a6ff20_0 .net "i_rst", 0 0, v0000012801a71ae0_0;  alias, 1 drivers
v0000012801a6fac0_0 .net "i_serial", 0 0, v0000012801a6f840_0;  alias, 1 drivers
v0000012801a6f980_0 .var "o_hit", 0 0;
v0000012801a6fa20_0 .var "shift_reg", 8 0;
S_0000012801a0a570 .scope module, "hb_timer" "one_sec_timer" 3 46, 7 1 0, S_0000012801afba60;
 .timescale -6 -9;
    .port_info 0 /INPUT 1 "i_clk";
    .port_info 1 /INPUT 1 "i_rst";
    .port_info 2 /OUTPUT 1 "o_sec_pulse";
v0000012801a6fe80_0 .var "clk_cnt", 13 0;
v0000012801a6f7a0_0 .net "i_clk", 0 0, v0000012801a729e0_0;  alias, 1 drivers
v0000012801a6f3e0_0 .net "i_rst", 0 0, v0000012801a71ae0_0;  alias, 1 drivers
v0000012801a6fb60_0 .var "o_sec_pulse", 0 0;
S_0000012801a0a700 .scope module, "hb_tx" "transmitter" 3 28, 8 2 0, S_0000012801afba60;
 .timescale -6 -9;
    .port_info 0 /INPUT 1 "i_clk";
    .port_info 1 /INPUT 1 "i_rst";
    .port_info 2 /INPUT 1 "i_tx_ena_n";
    .port_info 3 /INPUT 10 "i_data";
    .port_info 4 /OUTPUT 1 "o_serial";
    .port_info 5 /OUTPUT 1 "o_tx_done";
v0000012801a6ffc0_0 .var "bit_cnt", 3 0;
v0000012801a6fde0_0 .var "busy", 0 0;
v0000012801a6f5c0_0 .net "i_clk", 0 0, v0000012801a729e0_0;  alias, 1 drivers
v0000012801a6f520_0 .net "i_data", 9 0, v0000012801a1c290_0;  alias, 1 drivers
v0000012801a6fc00_0 .net "i_rst", 0 0, v0000012801a71ae0_0;  alias, 1 drivers
v0000012801a702e0_0 .net "i_tx_ena_n", 0 0, v0000012801a728a0_0;  alias, 1 drivers
v0000012801a6f840_0 .var "o_serial", 0 0;
v0000012801a6fd40_0 .var "o_tx_done", 0 0;
v0000012801a70060_0 .var "shift_reg", 9 0;
S_0000012801a0eec0 .scope module, "u0" "bcd_to_7seg" 3 84, 9 1 0, S_0000012801afba60;
 .timescale -6 -9;
    .port_info 0 /INPUT 4 "bcd";
    .port_info 1 /OUTPUT 7 "seg";
v0000012801a70100_0 .net "bcd", 3 0, v0000012801a71d60_0;  1 drivers
v0000012801a701a0_0 .var "seg", 6 0;
E_00000128019f1e80 .event anyedge, v0000012801a70100_0;
S_0000012801a0f050 .scope module, "u1" "bcd_to_7seg" 3 85, 9 1 0, S_0000012801afba60;
 .timescale -6 -9;
    .port_info 0 /INPUT 4 "bcd";
    .port_info 1 /OUTPUT 7 "seg";
v0000012801a6f480_0 .net "bcd", 3 0, v0000012801a71680_0;  1 drivers
v0000012801a70240_0 .var "seg", 6 0;
E_00000128019f1f00 .event anyedge, v0000012801a6f480_0;
S_0000012801a0f1e0 .scope module, "u2" "bcd_to_7seg" 3 86, 9 1 0, S_0000012801afba60;
 .timescale -6 -9;
    .port_info 0 /INPUT 4 "bcd";
    .port_info 1 /OUTPUT 7 "seg";
v0000012801a6f660_0 .net "bcd", 3 0, v0000012801a721c0_0;  1 drivers
v0000012801a6f700_0 .var "seg", 6 0;
E_00000128019f1f40 .event anyedge, v0000012801a6f660_0;
S_0000012801a12430 .scope module, "u3" "bcd_to_7seg" 3 87, 9 1 0, S_0000012801afba60;
 .timescale -6 -9;
    .port_info 0 /INPUT 4 "bcd";
    .port_info 1 /OUTPUT 7 "seg";
v0000012801a6f8e0_0 .net "bcd", 3 0, v0000012801a72b20_0;  1 drivers
v0000012801a719a0_0 .var "seg", 6 0;
E_00000128019f2e40 .event anyedge, v0000012801a6f8e0_0;
    .scope S_0000012801a1c100;
T_0 ;
    %wait E_00000128019f1940;
    %load/vec4 v0000012801afbbf0_0;
    %flag_set/vec4 8;
    %jmp/0xz  T_0.0, 8;
    %pushi/vec4 0, 0, 10;
    %assign/vec4 v0000012801a1c290_0, 0;
    %jmp T_0.1;
T_0.0 ;
    %load/vec4 v0000012801a02f20_0;
    %flag_set/vec4 8;
    %jmp/0xz  T_0.2, 8;
    %load/vec4 v0000012801a1c290_0;
    %cmpi/e 1023, 0, 10;
    %jmp/0xz  T_0.4, 4;
    %pushi/vec4 0, 0, 10;
    %assign/vec4 v0000012801a1c290_0, 0;
    %jmp T_0.5;
T_0.4 ;
    %load/vec4 v0000012801a1c290_0;
    %addi 1, 0, 10;
    %assign/vec4 v0000012801a1c290_0, 0;
T_0.5 ;
T_0.2 ;
T_0.1 ;
    %jmp T_0;
    .thread T_0;
    .scope S_0000012801a0a700;
T_1 ;
    %wait E_00000128019f1940;
    %load/vec4 v0000012801a6fc00_0;
    %flag_set/vec4 8;
    %jmp/0xz  T_1.0, 8;
    %pushi/vec4 0, 0, 10;
    %assign/vec4 v0000012801a70060_0, 0;
    %pushi/vec4 0, 0, 4;
    %assign/vec4 v0000012801a6ffc0_0, 0;
    %pushi/vec4 0, 0, 1;
    %assign/vec4 v0000012801a6f840_0, 0;
    %pushi/vec4 0, 0, 1;
    %assign/vec4 v0000012801a6fd40_0, 0;
    %pushi/vec4 0, 0, 1;
    %assign/vec4 v0000012801a6fde0_0, 0;
    %jmp T_1.1;
T_1.0 ;
    %pushi/vec4 0, 0, 1;
    %assign/vec4 v0000012801a6fd40_0, 0;
    %load/vec4 v0000012801a6fde0_0;
    %nor/r;
    %load/vec4 v0000012801a702e0_0;
    %nor/r;
    %and;
    %flag_set/vec4 8;
    %jmp/0xz  T_1.2, 8;
    %load/vec4 v0000012801a6f520_0;
    %assign/vec4 v0000012801a70060_0, 0;
    %pushi/vec4 0, 0, 4;
    %assign/vec4 v0000012801a6ffc0_0, 0;
    %pushi/vec4 1, 0, 1;
    %assign/vec4 v0000012801a6fde0_0, 0;
    %jmp T_1.3;
T_1.2 ;
    %load/vec4 v0000012801a6fde0_0;
    %flag_set/vec4 8;
    %jmp/0xz  T_1.4, 8;
    %load/vec4 v0000012801a70060_0;
    %parti/s 1, 0, 2;
    %assign/vec4 v0000012801a6f840_0, 0;
    %load/vec4 v0000012801a70060_0;
    %ix/load 4, 1, 0;
    %flag_set/imm 4, 0;
    %shiftr 4;
    %assign/vec4 v0000012801a70060_0, 0;
    %load/vec4 v0000012801a6ffc0_0;
    %addi 1, 0, 4;
    %assign/vec4 v0000012801a6ffc0_0, 0;
    %load/vec4 v0000012801a6ffc0_0;
    %cmpi/e 9, 0, 4;
    %jmp/0xz  T_1.6, 4;
    %pushi/vec4 0, 0, 1;
    %assign/vec4 v0000012801a6fde0_0, 0;
    %pushi/vec4 1, 0, 1;
    %assign/vec4 v0000012801a6fd40_0, 0;
T_1.6 ;
T_1.4 ;
T_1.3 ;
T_1.1 ;
    %jmp T_1;
    .thread T_1;
    .scope S_0000012801a0a3e0;
T_2 ;
    %wait E_00000128019f1940;
    %load/vec4 v0000012801a6ff20_0;
    %flag_set/vec4 8;
    %jmp/0xz  T_2.0, 8;
    %pushi/vec4 0, 0, 9;
    %assign/vec4 v0000012801a6fa20_0, 0;
    %pushi/vec4 0, 0, 1;
    %assign/vec4 v0000012801a6f980_0, 0;
    %jmp T_2.1;
T_2.0 ;
    %load/vec4 v0000012801a6fac0_0;
    %load/vec4 v0000012801a6fa20_0;
    %parti/s 8, 1, 2;
    %concat/vec4; draw_concat_vec4
    %assign/vec4 v0000012801a6fa20_0, 0;
    %load/vec4 v0000012801a6fa20_0;
    %cmpi/e 170, 0, 9;
    %jmp/0xz  T_2.2, 4;
    %pushi/vec4 1, 0, 1;
    %assign/vec4 v0000012801a6f980_0, 0;
    %jmp T_2.3;
T_2.2 ;
    %pushi/vec4 0, 0, 1;
    %assign/vec4 v0000012801a6f980_0, 0;
T_2.3 ;
T_2.1 ;
    %jmp T_2;
    .thread T_2;
    .scope S_0000012801a0a570;
T_3 ;
    %wait E_00000128019f1940;
    %load/vec4 v0000012801a6f3e0_0;
    %flag_set/vec4 8;
    %jmp/0xz  T_3.0, 8;
    %pushi/vec4 0, 0, 14;
    %assign/vec4 v0000012801a6fe80_0, 0;
    %pushi/vec4 0, 0, 1;
    %assign/vec4 v0000012801a6fb60_0, 0;
    %jmp T_3.1;
T_3.0 ;
    %load/vec4 v0000012801a6fe80_0;
    %cmpi/e 9999, 0, 14;
    %jmp/0xz  T_3.2, 4;
    %pushi/vec4 0, 0, 14;
    %assign/vec4 v0000012801a6fe80_0, 0;
    %pushi/vec4 1, 0, 1;
    %assign/vec4 v0000012801a6fb60_0, 0;
    %jmp T_3.3;
T_3.2 ;
    %load/vec4 v0000012801a6fe80_0;
    %addi 1, 0, 14;
    %assign/vec4 v0000012801a6fe80_0, 0;
    %pushi/vec4 0, 0, 1;
    %assign/vec4 v0000012801a6fb60_0, 0;
T_3.3 ;
T_3.1 ;
    %jmp T_3;
    .thread T_3;
    .scope S_0000012801afd7a0;
T_4 ;
    %wait E_00000128019f1940;
    %load/vec4 v0000012801afd930_0;
    %flag_set/vec4 8;
    %jmp/0xz  T_4.0, 8;
    %pushi/vec4 0, 0, 14;
    %assign/vec4 v0000012801afda70_0, 0;
    %jmp T_4.1;
T_4.0 ;
    %load/vec4 v0000012801afd9d0_0;
    %flag_set/vec4 8;
    %jmp/0xz  T_4.2, 8;
    %pushi/vec4 0, 0, 14;
    %assign/vec4 v0000012801afda70_0, 0;
    %jmp T_4.3;
T_4.2 ;
    %load/vec4 v0000012801a1c3d0_0;
    %flag_set/vec4 8;
    %jmp/0xz  T_4.4, 8;
    %load/vec4 v0000012801afda70_0;
    %addi 1, 0, 14;
    %assign/vec4 v0000012801afda70_0, 0;
T_4.4 ;
T_4.3 ;
T_4.1 ;
    %jmp T_4;
    .thread T_4;
    .scope S_0000012801a0eec0;
T_5 ;
    %wait E_00000128019f1e80;
    %load/vec4 v0000012801a70100_0;
    %dup/vec4;
    %pushi/vec4 0, 0, 4;
    %cmp/u;
    %jmp/1 T_5.0, 6;
    %dup/vec4;
    %pushi/vec4 1, 0, 4;
    %cmp/u;
    %jmp/1 T_5.1, 6;
    %dup/vec4;
    %pushi/vec4 2, 0, 4;
    %cmp/u;
    %jmp/1 T_5.2, 6;
    %dup/vec4;
    %pushi/vec4 3, 0, 4;
    %cmp/u;
    %jmp/1 T_5.3, 6;
    %dup/vec4;
    %pushi/vec4 4, 0, 4;
    %cmp/u;
    %jmp/1 T_5.4, 6;
    %dup/vec4;
    %pushi/vec4 5, 0, 4;
    %cmp/u;
    %jmp/1 T_5.5, 6;
    %dup/vec4;
    %pushi/vec4 6, 0, 4;
    %cmp/u;
    %jmp/1 T_5.6, 6;
    %dup/vec4;
    %pushi/vec4 7, 0, 4;
    %cmp/u;
    %jmp/1 T_5.7, 6;
    %dup/vec4;
    %pushi/vec4 8, 0, 4;
    %cmp/u;
    %jmp/1 T_5.8, 6;
    %dup/vec4;
    %pushi/vec4 9, 0, 4;
    %cmp/u;
    %jmp/1 T_5.9, 6;
    %pushi/vec4 127, 0, 7;
    %store/vec4 v0000012801a701a0_0, 0, 7;
    %jmp T_5.11;
T_5.0 ;
    %pushi/vec4 1, 0, 7;
    %store/vec4 v0000012801a701a0_0, 0, 7;
    %jmp T_5.11;
T_5.1 ;
    %pushi/vec4 79, 0, 7;
    %store/vec4 v0000012801a701a0_0, 0, 7;
    %jmp T_5.11;
T_5.2 ;
    %pushi/vec4 18, 0, 7;
    %store/vec4 v0000012801a701a0_0, 0, 7;
    %jmp T_5.11;
T_5.3 ;
    %pushi/vec4 6, 0, 7;
    %store/vec4 v0000012801a701a0_0, 0, 7;
    %jmp T_5.11;
T_5.4 ;
    %pushi/vec4 76, 0, 7;
    %store/vec4 v0000012801a701a0_0, 0, 7;
    %jmp T_5.11;
T_5.5 ;
    %pushi/vec4 36, 0, 7;
    %store/vec4 v0000012801a701a0_0, 0, 7;
    %jmp T_5.11;
T_5.6 ;
    %pushi/vec4 32, 0, 7;
    %store/vec4 v0000012801a701a0_0, 0, 7;
    %jmp T_5.11;
T_5.7 ;
    %pushi/vec4 15, 0, 7;
    %store/vec4 v0000012801a701a0_0, 0, 7;
    %jmp T_5.11;
T_5.8 ;
    %pushi/vec4 0, 0, 7;
    %store/vec4 v0000012801a701a0_0, 0, 7;
    %jmp T_5.11;
T_5.9 ;
    %pushi/vec4 4, 0, 7;
    %store/vec4 v0000012801a701a0_0, 0, 7;
    %jmp T_5.11;
T_5.11 ;
    %pop/vec4 1;
    %jmp T_5;
    .thread T_5, $push;
    .scope S_0000012801a0f050;
T_6 ;
    %wait E_00000128019f1f00;
    %load/vec4 v0000012801a6f480_0;
    %dup/vec4;
    %pushi/vec4 0, 0, 4;
    %cmp/u;
    %jmp/1 T_6.0, 6;
    %dup/vec4;
    %pushi/vec4 1, 0, 4;
    %cmp/u;
    %jmp/1 T_6.1, 6;
    %dup/vec4;
    %pushi/vec4 2, 0, 4;
    %cmp/u;
    %jmp/1 T_6.2, 6;
    %dup/vec4;
    %pushi/vec4 3, 0, 4;
    %cmp/u;
    %jmp/1 T_6.3, 6;
    %dup/vec4;
    %pushi/vec4 4, 0, 4;
    %cmp/u;
    %jmp/1 T_6.4, 6;
    %dup/vec4;
    %pushi/vec4 5, 0, 4;
    %cmp/u;
    %jmp/1 T_6.5, 6;
    %dup/vec4;
    %pushi/vec4 6, 0, 4;
    %cmp/u;
    %jmp/1 T_6.6, 6;
    %dup/vec4;
    %pushi/vec4 7, 0, 4;
    %cmp/u;
    %jmp/1 T_6.7, 6;
    %dup/vec4;
    %pushi/vec4 8, 0, 4;
    %cmp/u;
    %jmp/1 T_6.8, 6;
    %dup/vec4;
    %pushi/vec4 9, 0, 4;
    %cmp/u;
    %jmp/1 T_6.9, 6;
    %pushi/vec4 127, 0, 7;
    %store/vec4 v0000012801a70240_0, 0, 7;
    %jmp T_6.11;
T_6.0 ;
    %pushi/vec4 1, 0, 7;
    %store/vec4 v0000012801a70240_0, 0, 7;
    %jmp T_6.11;
T_6.1 ;
    %pushi/vec4 79, 0, 7;
    %store/vec4 v0000012801a70240_0, 0, 7;
    %jmp T_6.11;
T_6.2 ;
    %pushi/vec4 18, 0, 7;
    %store/vec4 v0000012801a70240_0, 0, 7;
    %jmp T_6.11;
T_6.3 ;
    %pushi/vec4 6, 0, 7;
    %store/vec4 v0000012801a70240_0, 0, 7;
    %jmp T_6.11;
T_6.4 ;
    %pushi/vec4 76, 0, 7;
    %store/vec4 v0000012801a70240_0, 0, 7;
    %jmp T_6.11;
T_6.5 ;
    %pushi/vec4 36, 0, 7;
    %store/vec4 v0000012801a70240_0, 0, 7;
    %jmp T_6.11;
T_6.6 ;
    %pushi/vec4 32, 0, 7;
    %store/vec4 v0000012801a70240_0, 0, 7;
    %jmp T_6.11;
T_6.7 ;
    %pushi/vec4 15, 0, 7;
    %store/vec4 v0000012801a70240_0, 0, 7;
    %jmp T_6.11;
T_6.8 ;
    %pushi/vec4 0, 0, 7;
    %store/vec4 v0000012801a70240_0, 0, 7;
    %jmp T_6.11;
T_6.9 ;
    %pushi/vec4 4, 0, 7;
    %store/vec4 v0000012801a70240_0, 0, 7;
    %jmp T_6.11;
T_6.11 ;
    %pop/vec4 1;
    %jmp T_6;
    .thread T_6, $push;
    .scope S_0000012801a0f1e0;
T_7 ;
    %wait E_00000128019f1f40;
    %load/vec4 v0000012801a6f660_0;
    %dup/vec4;
    %pushi/vec4 0, 0, 4;
    %cmp/u;
    %jmp/1 T_7.0, 6;
    %dup/vec4;
    %pushi/vec4 1, 0, 4;
    %cmp/u;
    %jmp/1 T_7.1, 6;
    %dup/vec4;
    %pushi/vec4 2, 0, 4;
    %cmp/u;
    %jmp/1 T_7.2, 6;
    %dup/vec4;
    %pushi/vec4 3, 0, 4;
    %cmp/u;
    %jmp/1 T_7.3, 6;
    %dup/vec4;
    %pushi/vec4 4, 0, 4;
    %cmp/u;
    %jmp/1 T_7.4, 6;
    %dup/vec4;
    %pushi/vec4 5, 0, 4;
    %cmp/u;
    %jmp/1 T_7.5, 6;
    %dup/vec4;
    %pushi/vec4 6, 0, 4;
    %cmp/u;
    %jmp/1 T_7.6, 6;
    %dup/vec4;
    %pushi/vec4 7, 0, 4;
    %cmp/u;
    %jmp/1 T_7.7, 6;
    %dup/vec4;
    %pushi/vec4 8, 0, 4;
    %cmp/u;
    %jmp/1 T_7.8, 6;
    %dup/vec4;
    %pushi/vec4 9, 0, 4;
    %cmp/u;
    %jmp/1 T_7.9, 6;
    %pushi/vec4 127, 0, 7;
    %store/vec4 v0000012801a6f700_0, 0, 7;
    %jmp T_7.11;
T_7.0 ;
    %pushi/vec4 1, 0, 7;
    %store/vec4 v0000012801a6f700_0, 0, 7;
    %jmp T_7.11;
T_7.1 ;
    %pushi/vec4 79, 0, 7;
    %store/vec4 v0000012801a6f700_0, 0, 7;
    %jmp T_7.11;
T_7.2 ;
    %pushi/vec4 18, 0, 7;
    %store/vec4 v0000012801a6f700_0, 0, 7;
    %jmp T_7.11;
T_7.3 ;
    %pushi/vec4 6, 0, 7;
    %store/vec4 v0000012801a6f700_0, 0, 7;
    %jmp T_7.11;
T_7.4 ;
    %pushi/vec4 76, 0, 7;
    %store/vec4 v0000012801a6f700_0, 0, 7;
    %jmp T_7.11;
T_7.5 ;
    %pushi/vec4 36, 0, 7;
    %store/vec4 v0000012801a6f700_0, 0, 7;
    %jmp T_7.11;
T_7.6 ;
    %pushi/vec4 32, 0, 7;
    %store/vec4 v0000012801a6f700_0, 0, 7;
    %jmp T_7.11;
T_7.7 ;
    %pushi/vec4 15, 0, 7;
    %store/vec4 v0000012801a6f700_0, 0, 7;
    %jmp T_7.11;
T_7.8 ;
    %pushi/vec4 0, 0, 7;
    %store/vec4 v0000012801a6f700_0, 0, 7;
    %jmp T_7.11;
T_7.9 ;
    %pushi/vec4 4, 0, 7;
    %store/vec4 v0000012801a6f700_0, 0, 7;
    %jmp T_7.11;
T_7.11 ;
    %pop/vec4 1;
    %jmp T_7;
    .thread T_7, $push;
    .scope S_0000012801a12430;
T_8 ;
    %wait E_00000128019f2e40;
    %load/vec4 v0000012801a6f8e0_0;
    %dup/vec4;
    %pushi/vec4 0, 0, 4;
    %cmp/u;
    %jmp/1 T_8.0, 6;
    %dup/vec4;
    %pushi/vec4 1, 0, 4;
    %cmp/u;
    %jmp/1 T_8.1, 6;
    %dup/vec4;
    %pushi/vec4 2, 0, 4;
    %cmp/u;
    %jmp/1 T_8.2, 6;
    %dup/vec4;
    %pushi/vec4 3, 0, 4;
    %cmp/u;
    %jmp/1 T_8.3, 6;
    %dup/vec4;
    %pushi/vec4 4, 0, 4;
    %cmp/u;
    %jmp/1 T_8.4, 6;
    %dup/vec4;
    %pushi/vec4 5, 0, 4;
    %cmp/u;
    %jmp/1 T_8.5, 6;
    %dup/vec4;
    %pushi/vec4 6, 0, 4;
    %cmp/u;
    %jmp/1 T_8.6, 6;
    %dup/vec4;
    %pushi/vec4 7, 0, 4;
    %cmp/u;
    %jmp/1 T_8.7, 6;
    %dup/vec4;
    %pushi/vec4 8, 0, 4;
    %cmp/u;
    %jmp/1 T_8.8, 6;
    %dup/vec4;
    %pushi/vec4 9, 0, 4;
    %cmp/u;
    %jmp/1 T_8.9, 6;
    %pushi/vec4 127, 0, 7;
    %store/vec4 v0000012801a719a0_0, 0, 7;
    %jmp T_8.11;
T_8.0 ;
    %pushi/vec4 1, 0, 7;
    %store/vec4 v0000012801a719a0_0, 0, 7;
    %jmp T_8.11;
T_8.1 ;
    %pushi/vec4 79, 0, 7;
    %store/vec4 v0000012801a719a0_0, 0, 7;
    %jmp T_8.11;
T_8.2 ;
    %pushi/vec4 18, 0, 7;
    %store/vec4 v0000012801a719a0_0, 0, 7;
    %jmp T_8.11;
T_8.3 ;
    %pushi/vec4 6, 0, 7;
    %store/vec4 v0000012801a719a0_0, 0, 7;
    %jmp T_8.11;
T_8.4 ;
    %pushi/vec4 76, 0, 7;
    %store/vec4 v0000012801a719a0_0, 0, 7;
    %jmp T_8.11;
T_8.5 ;
    %pushi/vec4 36, 0, 7;
    %store/vec4 v0000012801a719a0_0, 0, 7;
    %jmp T_8.11;
T_8.6 ;
    %pushi/vec4 32, 0, 7;
    %store/vec4 v0000012801a719a0_0, 0, 7;
    %jmp T_8.11;
T_8.7 ;
    %pushi/vec4 15, 0, 7;
    %store/vec4 v0000012801a719a0_0, 0, 7;
    %jmp T_8.11;
T_8.8 ;
    %pushi/vec4 0, 0, 7;
    %store/vec4 v0000012801a719a0_0, 0, 7;
    %jmp T_8.11;
T_8.9 ;
    %pushi/vec4 4, 0, 7;
    %store/vec4 v0000012801a719a0_0, 0, 7;
    %jmp T_8.11;
T_8.11 ;
    %pop/vec4 1;
    %jmp T_8;
    .thread T_8, $push;
    .scope S_0000012801afba60;
T_9 ;
    %wait E_00000128019f1940;
    %load/vec4 v0000012801a73020_0;
    %flag_set/vec4 8;
    %jmp/0xz  T_9.0, 8;
    %pushi/vec4 0, 0, 14;
    %assign/vec4 v0000012801a72260_0, 0;
    %jmp T_9.1;
T_9.0 ;
    %load/vec4 v0000012801a72760_0;
    %flag_set/vec4 8;
    %jmp/0xz  T_9.2, 8;
    %load/vec4 v0000012801a72440_0;
    %assign/vec4 v0000012801a72260_0, 0;
T_9.2 ;
T_9.1 ;
    %jmp T_9;
    .thread T_9;
    .scope S_0000012801afba60;
T_10 ;
    %wait E_00000128019f27c0;
    %load/vec4 v0000012801a72260_0;
    %pad/u 32;
    %store/vec4 v0000012801a71900_0, 0, 32;
    %load/vec4 v0000012801a71900_0;
    %pushi/vec4 10, 0, 32;
    %mod/s;
    %pad/s 4;
    %store/vec4 v0000012801a71d60_0, 0, 4;
    %load/vec4 v0000012801a71900_0;
    %pushi/vec4 10, 0, 32;
    %div/s;
    %store/vec4 v0000012801a71900_0, 0, 32;
    %load/vec4 v0000012801a71900_0;
    %pushi/vec4 10, 0, 32;
    %mod/s;
    %pad/s 4;
    %store/vec4 v0000012801a71680_0, 0, 4;
    %load/vec4 v0000012801a71900_0;
    %pushi/vec4 10, 0, 32;
    %div/s;
    %store/vec4 v0000012801a71900_0, 0, 32;
    %load/vec4 v0000012801a71900_0;
    %pushi/vec4 10, 0, 32;
    %mod/s;
    %pad/s 4;
    %store/vec4 v0000012801a721c0_0, 0, 4;
    %load/vec4 v0000012801a71900_0;
    %pushi/vec4 10, 0, 32;
    %div/s;
    %store/vec4 v0000012801a71900_0, 0, 32;
    %load/vec4 v0000012801a71900_0;
    %pushi/vec4 10, 0, 32;
    %mod/s;
    %pad/s 4;
    %store/vec4 v0000012801a72b20_0, 0, 4;
    %jmp T_10;
    .thread T_10, $push;
    .scope S_00000128019f4430;
T_11 ;
    %delay 50000, 0;
    %load/vec4 v0000012801a729e0_0;
    %inv;
    %store/vec4 v0000012801a729e0_0, 0, 1;
    %jmp T_11;
    .thread T_11;
    .scope S_00000128019f4430;
T_12 ;
    %pushi/vec4 0, 0, 1;
    %store/vec4 v0000012801a729e0_0, 0, 1;
    %pushi/vec4 1, 0, 1;
    %store/vec4 v0000012801a71ae0_0, 0, 1;
    %pushi/vec4 1, 0, 1;
    %store/vec4 v0000012801a728a0_0, 0, 1;
    %delay 200000, 0;
    %pushi/vec4 0, 0, 1;
    %store/vec4 v0000012801a71ae0_0, 0, 1;
    %delay 200000, 0;
    %pushi/vec4 0, 0, 1;
    %store/vec4 v0000012801a728a0_0, 0, 1;
    %delay 1410065408, 2;
    %vpi_call 2 34 "$stop" {0 0 0};
    %end;
    .thread T_12;
    .scope S_00000128019f4430;
T_13 ;
    %wait E_00000128019f1940;
    %load/vec4 v0000012801a72ee0_0;
    %flag_set/vec4 8;
    %jmp/0xz  T_13.0, 8;
    %vpi_call 2 39 "$display", "TIME=%0t us | 7SEG DATA = %b", $time, v0000012801a723a0_0 {0 0 0};
T_13.0 ;
    %jmp T_13;
    .thread T_13;
    .scope S_00000128019f4430;
T_14 ;
    %vpi_call 2 43 "$dumpfile", "happy_birthday.vcd" {0 0 0};
    %vpi_call 2 44 "$dumpvars", 32'sb00000000000000000000000000000000, S_00000128019f4430 {0 0 0};
    %end;
    .thread T_14;
# The file index is used to find the file name in the following table.
:file_names 10;
    "N/A";
    "<interactive>";
    "tb_happy_birthday.v";
    "top_happy_birthday.v";
    "data_generator.v";
    "hit_counter.v";
    "receiver.v";
    "one_sec_timer.v";
    "transmitter.v";
    "bcd_to_7seg.v";
